<?xml version="1.0" encoding="UTF-8"?>
<!-- Generated by org.testng.reporters.JUnitReportReporter -->
<testsuite hostname="DESKTOP-1RAS655" name="com.training.sanity.tests.LoginTests" tests="1" failures="0" timestamp="3 Dec 2019 12:54:42 GMT" time="33.650" errors="0">
  <testcase name="validLoginTest" time="33.650" classname="com.training.sanity.tests.LoginTests"/>
</testsuite> <!-- com.training.sanity.tests.LoginTests -->
